<?xml version="1.0" encoding="UTF-8"?>
<!-- Generated by org.testng.reporters.JUnitXMLReporter -->
<testsuite hostname="DESKTOP-JOCTPOA" ignored="0" name="my Time Regression suite" tests="1" failures="1" timestamp="01 Aug 2018 06:48:42 GMT" time="6.193" errors="0">
  <testcase name="testcase_001_myTimeApplication_LoginTest" time="0.005" classname="com.mytime.testsuite.MyTimeTestSuite">
    <failure type="java.lang.NullPointerException">
      <![CDATA[java.lang.NullPointerException
	at com.mytime.testsuite.MyTimeTestSuite.testcase_001_myTimeApplication_LoginTest(MyTimeTestSuite.java:43)
	at java.util.concurrent.Executors$RunnableAdapter.call(Executors.java:511)
	at java.util.concurrent.FutureTask.run(FutureTask.java:266)
	at java.util.concurrent.ThreadPoolExecutor.runWorker(ThreadPoolExecutor.java:1149)
	at java.util.concurrent.ThreadPoolExecutor$Worker.run(ThreadPoolExecutor.java:624)
	at java.lang.Thread.run(Thread.java:748)
... Removed 7 stack frames]]>
    </failure>
  </testcase> <!-- testcase_001_myTimeApplication_LoginTest -->
</testsuite> <!-- my Time Regression suite -->
