<?xml version="1.0" encoding="UTF-8"?>
<testng-results skipped="0" failed="1" ignored="0" total="1" passed="0">
  <reporter-output>
  </reporter-output>
  <suite name="myTime test suite" duration-ms="6193" started-at="2018-08-01T06:48:36Z" finished-at="2018-08-01T06:48:42Z">
    <groups>
    </groups>
    <test name="my Time Regression suite" duration-ms="6193" started-at="2018-08-01T06:48:36Z" finished-at="2018-08-01T06:48:42Z">
      <class name="com.mytime.testsuite.MyTimeTestSuite">
        <test-method status="PASS" signature="launchBrowser()[pri:0, instance:com.mytime.testsuite.MyTimeTestSuite@4cb2c100]" name="launchBrowser" is-config="true" duration-ms="3300" started-at="2018-08-01T12:18:36Z" finished-at="2018-08-01T12:18:39Z">
          <reporter-output>
          </reporter-output>
        </test-method> <!-- launchBrowser -->
        <test-method status="PASS" signature="setUp()[pri:0, instance:com.mytime.testsuite.MyTimeTestSuite@4cb2c100]" name="setUp" is-config="true" duration-ms="2223" started-at="2018-08-01T12:18:39Z" finished-at="2018-08-01T12:18:42Z">
          <reporter-output>
          </reporter-output>
        </test-method> <!-- setUp -->
        <test-method status="FAIL" signature="testcase_001_myTimeApplication_LoginTest()[pri:0, instance:com.mytime.testsuite.MyTimeTestSuite@4cb2c100]" name="testcase_001_myTimeApplication_LoginTest" duration-ms="5" started-at="2018-08-01T12:18:42Z" finished-at="2018-08-01T12:18:42Z">
          <exception class="java.lang.NullPointerException">
            <full-stacktrace>
              <![CDATA[java.lang.NullPointerException
	at com.mytime.testsuite.MyTimeTestSuite.testcase_001_myTimeApplication_LoginTest(MyTimeTestSuite.java:43)
	at sun.reflect.NativeMethodAccessorImpl.invoke0(Native Method)
	at sun.reflect.NativeMethodAccessorImpl.invoke(NativeMethodAccessorImpl.java:62)
	at sun.reflect.DelegatingMethodAccessorImpl.invoke(DelegatingMethodAccessorImpl.java:43)
	at java.lang.reflect.Method.invoke(Method.java:498)
	at org.testng.internal.MethodInvocationHelper.invokeMethod(MethodInvocationHelper.java:104)
	at org.testng.internal.InvokeMethodRunnable.runOne(InvokeMethodRunnable.java:54)
	at org.testng.internal.InvokeMethodRunnable.run(InvokeMethodRunnable.java:44)
	at java.util.concurrent.Executors$RunnableAdapter.call(Executors.java:511)
	at java.util.concurrent.FutureTask.run(FutureTask.java:266)
	at java.util.concurrent.ThreadPoolExecutor.runWorker(ThreadPoolExecutor.java:1149)
	at java.util.concurrent.ThreadPoolExecutor$Worker.run(ThreadPoolExecutor.java:624)
	at java.lang.Thread.run(Thread.java:748)
]]>
            </full-stacktrace>
          </exception> <!-- java.lang.NullPointerException -->
          <reporter-output>
          </reporter-output>
        </test-method> <!-- testcase_001_myTimeApplication_LoginTest -->
        <test-method status="PASS" signature="tearDown()[pri:0, instance:com.mytime.testsuite.MyTimeTestSuite@4cb2c100]" name="tearDown" is-config="true" duration-ms="86" started-at="2018-08-01T12:18:42Z" finished-at="2018-08-01T12:18:42Z">
          <reporter-output>
          </reporter-output>
        </test-method> <!-- tearDown -->
        <test-method status="PASS" signature="closeBrowser()[pri:0, instance:com.mytime.testsuite.MyTimeTestSuite@4cb2c100]" name="closeBrowser" is-config="true" duration-ms="549" started-at="2018-08-01T12:18:42Z" finished-at="2018-08-01T12:18:42Z">
          <reporter-output>
          </reporter-output>
        </test-method> <!-- closeBrowser -->
      </class> <!-- com.mytime.testsuite.MyTimeTestSuite -->
    </test> <!-- my Time Regression suite -->
  </suite> <!-- myTime test suite -->
</testng-results>
